<?xml version="1.0" encoding="UTF-8"?>
<testng-results skipped="0" failed="0" total="2" passed="2">
  <reporter-output>
  </reporter-output>
  <suite name="Default suite" duration-ms="49" started-at="2017-08-19T13:15:12Z" finished-at="2017-08-19T13:15:12Z">
    <groups>
    </groups>
    <test name="Default test" duration-ms="49" started-at="2017-08-19T13:15:12Z" finished-at="2017-08-19T13:15:12Z">
      <class name="com.library.TestNgSample">
        <test-method status="PASS" signature="beforesuite()[pri:0, instance:com.library.TestNgSample@42d80b78]" name="beforesuite" is-config="true" duration-ms="15" started-at="2017-08-19T18:45:12Z" finished-at="2017-08-19T18:45:12Z">
          <reporter-output>
          </reporter-output>
        </test-method> <!-- beforesuite -->
        <test-method status="PASS" signature="Test()[pri:0, instance:com.library.TestNgSample@42d80b78]" name="Test" is-config="true" duration-ms="0" started-at="2017-08-19T18:45:12Z" finished-at="2017-08-19T18:45:12Z">
          <reporter-output>
          </reporter-output>
        </test-method> <!-- Test -->
        <test-method status="PASS" signature="beforeclass()[pri:0, instance:com.library.TestNgSample@42d80b78]" name="beforeclass" is-config="true" duration-ms="0" started-at="2017-08-19T18:45:12Z" finished-at="2017-08-19T18:45:12Z">
          <reporter-output>
          </reporter-output>
        </test-method> <!-- beforeclass -->
        <test-method status="PASS" signature="sampletest()[pri:1, instance:com.library.TestNgSample@42d80b78]" name="sampletest" duration-ms="12" started-at="2017-08-19T18:45:12Z" finished-at="2017-08-19T18:45:12Z">
          <reporter-output>
          </reporter-output>
        </test-method> <!-- sampletest -->
        <test-method status="PASS" signature="beforemethod()[pri:0, instance:com.library.TestNgSample@42d80b78]" name="beforemethod" is-config="true" duration-ms="0" started-at="2017-08-19T18:45:12Z" finished-at="2017-08-19T18:45:12Z">
          <reporter-output>
          </reporter-output>
        </test-method> <!-- beforemethod -->
        <test-method status="PASS" signature="a()[pri:2, instance:com.library.TestNgSample@42d80b78]" name="a" duration-ms="2" started-at="2017-08-19T18:45:12Z" finished-at="2017-08-19T18:45:12Z">
          <reporter-output>
          </reporter-output>
        </test-method> <!-- a -->
        <test-method status="PASS" signature="beforemethod()[pri:0, instance:com.library.TestNgSample@42d80b78]" name="beforemethod" is-config="true" duration-ms="0" started-at="2017-08-19T18:45:12Z" finished-at="2017-08-19T18:45:12Z">
          <reporter-output>
          </reporter-output>
        </test-method> <!-- beforemethod -->
      </class> <!-- com.library.TestNgSample -->
    </test> <!-- Default test -->
  </suite> <!-- Default suite -->
</testng-results>
